Address 0x7fffbf1ecb10 is accessed by threads: 0
Address 0x7fffbf1ecb48 is accessed by threads: 0
Address 0x7fffbf1ecb08 is accessed by threads: 0
Address 0x2af93c9f7fb0 is accessed by threads: 1
Address 0x2af93c9f7f28 is accessed by threads: 1
Address 0x2af93c9f8d20 is accessed by threads: 1
Address 0x2af93b2a5f90 is accessed by threads: 2, 1, 3
Address 0x2af93c9f8648 is accessed by threads: 1
Address 0x2af93c9f7f18 is accessed by threads: 1
Address 0x7fffbf1ecb00 is accessed by threads: 0
Address 0x7fffbf1ecaf8 is accessed by threads: 0
Address 0x7fffbf1ecaf0 is accessed by threads: 0
Address 0x7fffbf1ecae8 is accessed by threads: 0
Address 0x7fffbf1ecae0 is accessed by threads: 0
Address 0x7fffbf1ecad8 is accessed by threads: 0
Address 0x7fffbf1eca88 is accessed by threads: 0
Address 0x7fffbf1ecaa0 is accessed by threads: 0
Address 0x7fffbf1eca90 is accessed by threads: 0
Address 0x7fffbf1eca78 is accessed by threads: 0
Address 0x2af93b2a6178 is accessed by threads: 2, 1, 3
Address 0x2af93d038fb0 is accessed by threads: 2
Address 0x2af93d038f28 is accessed by threads: 2
Address 0x2af93d039d20 is accessed by threads: 2
Address 0x2af93d039648 is accessed by threads: 2
Address 0x2af93d038f18 is accessed by threads: 2
Address 0x7fffbf1ecb38 is accessed by threads: 0
Address 0x7fffbf1ecb18 is accessed by threads: 0
Address 0x2af93b671da8 is accessed by threads: 2, 1, 3
Address 0x2af93b671de8 is accessed by threads: 2, 1, 3
Address 0x2af93c9f8640 is accessed by threads: 1
Address 0x2af93b673060 is accessed by threads: 2, 1, 3
Address 0x2af93b670a00 is accessed by threads: 2, 1, 3
Address 0x2af93b670a08 is accessed by threads: 2, 1, 3
Address 0x2af93c9f8680 is accessed by threads: 1
Address 0x2af93b671ed0 is accessed by threads: 2, 1, 3
Address 0x2af93c9f8660 is accessed by threads: 1
Address 0x2af93b670a18 is accessed by threads: 2, 1, 3
Address 0x2af93b671f18 is accessed by threads: 2, 1, 3
Address 0x2af93c9f8670 is accessed by threads: 1
Address 0x2af93d039640 is accessed by threads: 2
Address 0x2af93d039680 is accessed by threads: 2
Address 0x2af93d039660 is accessed by threads: 2
Address 0x2af93c9f8d1c is accessed by threads: 1
Address 0x2af93d039670 is accessed by threads: 2
Address 0x2af93d039d1c is accessed by threads: 2
Address 0x2af93c9f8d14 is accessed by threads: 1
Address 0x2af93c9f7f78 is accessed by threads: 1
Address 0x2af93c9f7f80 is accessed by threads: 1
Address 0x2af93d039d14 is accessed by threads: 2
Address 0x2af93d038f78 is accessed by threads: 2
Address 0x2af93d038f80 is accessed by threads: 2
Address 0x2af93b2a60e8 is accessed by threads: 2, 1, 3
Address 0x2af93d039a00 is accessed by threads: 2
Address 0x2af93d039d13 is accessed by threads: 2
Address 0x2af93d039d48 is accessed by threads: 2
Address 0x2af93d039d40 is accessed by threads: 2
Address 0x2af93c9f8a00 is accessed by threads: 1
Address 0x2af93c9f8d13 is accessed by threads: 1
Address 0x2af93c9f8d48 is accessed by threads: 1
Address 0x2af93c9f8d40 is accessed by threads: 1
Address 0x2af93c9f7f10 is accessed by threads: 1
Address 0x2af93c9f7f08 is accessed by threads: 1
Address 0x1949ce0 is accessed by threads: 1
Address 0x4038a8 is accessed by threads: 2, 1, 3
Address 0x2af93d038f10 is accessed by threads: 2
Address 0x2af93d038f08 is accessed by threads: 2
Address 0x1949f70 is accessed by threads: 2
Address 0x2af93d038ef8 is accessed by threads: 2
Address 0x2af93c9f7ef8 is accessed by threads: 1
Address 0x2af93d038ef0 is accessed by threads: 2
Address 0x2af93d038ee8 is accessed by threads: 2
Address 0x2af93d038ed8 is accessed by threads: 2
Address 0x2af93c9f7ef0 is accessed by threads: 1
Address 0x2af93c9f7ee8 is accessed by threads: 1
Address 0x2af93c9f7ed8 is accessed by threads: 1
Address 0x7fffbf1ecad0 is accessed by threads: 0
Address 0x7fffbf1ecac8 is accessed by threads: 0
Address 0x2af93d038ed0 is accessed by threads: 2
Address 0x2af93d038eb8 is accessed by threads: 2
Address 0x2af93d038ea0 is accessed by threads: 2
Address 0x2af93d038e98 is accessed by threads: 2
Address 0x2af93c9f7ed0 is accessed by threads: 1
Address 0x2af93c9f7eb8 is accessed by threads: 1
Address 0x2af93c9f7ea0 is accessed by threads: 1
Address 0x2af93c9f7e98 is accessed by threads: 1
Address 0x2af93d038e90 is accessed by threads: 2
Address 0x2af93d038e88 is accessed by threads: 2
Address 0x2af93d038e78 is accessed by threads: 2
Address 0x2af93d038e68 is accessed by threads: 2
Address 0x2af93c9f7e90 is accessed by threads: 1
Address 0x2af93c9f7e88 is accessed by threads: 1
Address 0x2af93c9f7e78 is accessed by threads: 1
Address 0x2af93c9f7e68 is accessed by threads: 1
Address 0x7fffbf1ecac0 is accessed by threads: 0
Address 0x7fffbf1ecab8 is accessed by threads: 0
Address 0x7fffbf1ecab0 is accessed by threads: 0
Address 0x7fffbf1ecaa8 is accessed by threads: 0
Address 0x2af93d038e60 is accessed by threads: 2
Address 0x2af93d038e58 is accessed by threads: 2
Address 0x2af93c9f7e60 is accessed by threads: 1
Address 0x2af93c9f7e58 is accessed by threads: 1
Address 0x7fffbf1eca80 is accessed by threads: 0
Address 0x2af93d038e48 is accessed by threads: 2
Address 0x7fffbf1eca70 is accessed by threads: 0
Address 0x7fffbf1eca68 is accessed by threads: 0
Address 0x2af93d038e40 is accessed by threads: 2
Address 0x2af93d038e38 is accessed by threads: 2
Address 0x2af93d038e28 is accessed by threads: 2
Address 0x2af93c9f7e48 is accessed by threads: 1
Address 0x2af93c9f7e40 is accessed by threads: 1
Address 0x2af93c9f7e38 is accessed by threads: 1
Address 0x2af93c9f7e28 is accessed by threads: 1
Address 0x1949f50 is accessed by threads: 0
Address 0x2af93d038e20 is accessed by threads: 2
Address 0x2af93d038e18 is accessed by threads: 2
Address 0x2af93d038e08 is accessed by threads: 2
Address 0x2af93c9f7e20 is accessed by threads: 1
Address 0x2af93c9f7e18 is accessed by threads: 1
Address 0x2af93c9f7e08 is accessed by threads: 1
Address 0x7fffbf1eca98 is accessed by threads: 0
Address 0x1949cc0 is accessed by threads: 3, 0
Address 0x7fffbf1ecba0 is accessed by threads: 0
Address 0x7fffbf1ecb98 is accessed by threads: 0
Address 0x7fffbf1ecba8 is accessed by threads: 0
Address 0x7fffbf1ecb88 is accessed by threads: 0
Address 0x7fffbf1ecb80 is accessed by threads: 0
Address 0x7fffbf1ecb78 is accessed by threads: 0
Address 0x7fffbf1ecb68 is accessed by threads: 0
Address 0x7fffbf1ecb60 is accessed by threads: 0
Address 0x7fffbf1ecb58 is accessed by threads: 0
Address 0x7fffbf1ecb30 is accessed by threads: 0
Address 0x7fffbf1ecb28 is accessed by threads: 0
Address 0x7fffbf1ecb20 is accessed by threads: 0
Address 0x2af93c9f7e50 is accessed by threads: 1
Address 0x2af93c9f7e30 is accessed by threads: 1
Address 0x2af93d038e50 is accessed by threads: 2
Address 0x2af93d038e30 is accessed by threads: 2
Address 0x2af93c9f7e10 is accessed by threads: 1
Address 0x2af93c9f7df8 is accessed by threads: 1
Address 0x2af93c9f7df0 is accessed by threads: 1
Address 0x2af93c9f7de8 is accessed by threads: 1
Address 0x2af93d038e10 is accessed by threads: 2
Address 0x2af93d038df8 is accessed by threads: 2
Address 0x2af93d038df0 is accessed by threads: 2
Address 0x2af93d038de8 is accessed by threads: 2
Address 0x1949cf0 is accessed by threads: 1
Address 0x1949f80 is accessed by threads: 2
Address 0x7fffbf1ecbb8 is accessed by threads: 0
Address 0x1949ce8 is accessed by threads: 1
Address 0x1949f78 is accessed by threads: 2
Address 0x7fffbf1ecbb0 is accessed by threads: 0
Address 0x2af93c9f7de0 is accessed by threads: 1
Address 0x2af93c9f7dd8 is accessed by threads: 1
Address 0x2af93c9f7dac is accessed by threads: 1
Address 0x2af93c9f7d98 is accessed by threads: 1
Address 0x2af93d038de0 is accessed by threads: 2
Address 0x2af93d038dd8 is accessed by threads: 2
Address 0x2af93d038dac is accessed by threads: 2
Address 0x2af93d038d98 is accessed by threads: 2
Address 0x7fffbf1ecbe0 is accessed by threads: 0
Address 0x7fffbf1ecbd8 is accessed by threads: 0
Address 0x7fffbf1ecbd0 is accessed by threads: 0
Address 0x7fffbf1ecbc8 is accessed by threads: 0
Address 0x606078 is accessed by threads: 2, 1, 3
Address 0x2af93d038d90 is accessed by threads: 2
Address 0x2af93c9f7d90 is accessed by threads: 1
Address 0x606080 is accessed by threads: 3, 2, 1, 0
Address 0x2af93d03971c is accessed by threads: 2
Address 0x2af93c9f871c is accessed by threads: 1
Address 0x2af93b92e75c is accessed by threads: 0
Address 0x400890 is accessed by threads: 2, 1
Address 0x2af926b304d0 is accessed by threads: 2, 1, 0
Address 0x2af93d038350 is accessed by threads: 2
Address 0x2af93d038358 is accessed by threads: 2
Address 0x2af93d038348 is accessed by threads: 2
Address 0x2af93c9f7350 is accessed by threads: 1
Address 0x2af93c9f7358 is accessed by threads: 1
Address 0x2af93c9f7348 is accessed by threads: 1
Address 0x4008a8 is accessed by threads: 0
Address 0x7fffbf1ec110 is accessed by threads: 0
Address 0x7fffbf1ec118 is accessed by threads: 0
Address 0x7fffbf1ec108 is accessed by threads: 0
Address 0x2af93c9f7368 is accessed by threads: 1
Address 0x2af93ab484c8 is accessed by threads: 2, 1, 0
Address 0x2af93b2b16cc is accessed by threads: 2, 1
Address 0x2af93b2b16d0 is accessed by threads: 2, 1
Address 0x7fffbf1ec128 is accessed by threads: 0
Address 0x2af93a6db000 is accessed by threads: 2, 1, 0
Address 0x2af93a72964c is accessed by threads: 0
Address 0x2af93a729650 is accessed by threads: 0
Address 0x2af93d038368 is accessed by threads: 2
Address 0x2af93c9f732c is accessed by threads: 1
Address 0x2af93c9f7328 is accessed by threads: 1
Address 0x2af93c9f7320 is accessed by threads: 1
Address 0x2af93c9f7330 is accessed by threads: 1
Address 0x2af93c9f7318 is accessed by threads: 1
Address 0x2af93aa96a08 is accessed by threads: 3, 2, 1, 0
Address 0x2af93d03832c is accessed by threads: 2
Address 0x2af93d038328 is accessed by threads: 2
Address 0x2af93d038320 is accessed by threads: 2
Address 0x2af93d038330 is accessed by threads: 2
Address 0x2af93d038318 is accessed by threads: 2
Address 0x2af93a72d4e8 is accessed by threads: 0
Address 0x2af93a6db380 is accessed by threads: 2, 0
Address 0x2af93b2bbe9c is accessed by threads: 0
Address 0x2af93b2bbea0 is accessed by threads: 0
Address 0xffffffffff5ff0a8 is accessed by threads: 0, 2, 1, 3
Address 0x2af93b672764 is accessed by threads: 3, 2, 1, 0
Address 0x2af93b672768 is accessed by threads: 3, 2, 1, 0
Address 0x7fffbf1ecbe8 is accessed by threads: 0
Address 0x606088 is accessed by threads: 2, 1, 3
Address 0x7fffbf1ecc10 is accessed by threads: 0
Address 0x7fffbf1ecc18 is accessed by threads: 0
Address 0x4008c0 is accessed by threads: 2, 1
Address 0x194a1e0 is accessed by threads: 0
Address 0x194a1e8 is accessed by threads: 0
Address 0x1949f58 is accessed by threads: 0
Address 0x2af93d65efb0 is accessed by threads: 3
Address 0x2af93d65ef28 is accessed by threads: 3
Address 0x2af93d65fd20 is accessed by threads: 3
Address 0x2af93d65f648 is accessed by threads: 3
Address 0x2af93d65ef18 is accessed by threads: 3
Address 0x2af93d65f640 is accessed by threads: 3
Address 0x2af93d65f680 is accessed by threads: 3
Address 0x2af93d65f660 is accessed by threads: 3
Address 0x2af93d65f670 is accessed by threads: 3
Address 0x2af93d65fd1c is accessed by threads: 3
Address 0x2af93b2afc5c is accessed by threads: 2, 1
Address 0x2af93b2afc60 is accessed by threads: 2, 1
Address 0x2af93d65fd14 is accessed by threads: 3
Address 0x2af93d65ef78 is accessed by threads: 3
Address 0x2af93b677fb4 is accessed by threads: 0, 2, 1, 3
Address 0x2af93b6746c0 is accessed by threads: 2, 1, 3
Address 0x2af93d65ef80 is accessed by threads: 3
Address 0x2af93c9f7d88 is accessed by threads: 1
Address 0x2af93d038d08 is accessed by threads: 2
Address 0x2af93d65fa00 is accessed by threads: 3
Address 0x2af93d65fd13 is accessed by threads: 3
Address 0x2af93d65fd48 is accessed by threads: 3
Address 0x2af93d65fd40 is accessed by threads: 3
Address 0x2af93d65ef10 is accessed by threads: 3
Address 0x2af93d65ef08 is accessed by threads: 3
Address 0x2af93b671ee0 is accessed by threads: 3, 2, 1, 0
Address 0x2af93b674a30 is accessed by threads: 3, 2, 1, 0
Address 0x1949f48 is accessed by threads: 0
Address 0x2af93d65eef8 is accessed by threads: 3
Address 0x2af93d65eef0 is accessed by threads: 3
Address 0x2af93d65eee8 is accessed by threads: 3
Address 0x2af93d65eed8 is accessed by threads: 3
Address 0x2af93d65eed0 is accessed by threads: 3
Address 0x2af93d65eeb8 is accessed by threads: 3
Address 0x2af93d65eea0 is accessed by threads: 3
Address 0x2af93d65ee98 is accessed by threads: 3
Address 0x2af93d65ee90 is accessed by threads: 3
Address 0x2af93d65ee88 is accessed by threads: 3
Address 0x2af93d65ee78 is accessed by threads: 3
Address 0x2af93d65ee68 is accessed by threads: 3
Address 0x2af93d65ee60 is accessed by threads: 3
Address 0x2af93d65ee58 is accessed by threads: 3
Address 0x2af93d65ee48 is accessed by threads: 3
Address 0x2af93d65ee40 is accessed by threads: 3
Address 0x2af93d65ee38 is accessed by threads: 3
Address 0x2af93d65ee28 is accessed by threads: 3
Address 0x2af93d65ee20 is accessed by threads: 3
Address 0x2af93d65ee18 is accessed by threads: 3
Address 0x2af93d65ee08 is accessed by threads: 3
Address 0x2af93c9f7d80 is accessed by threads: 1
Address 0x2af93c9f7d78 is accessed by threads: 1
Address 0x2af93c9f7d70 is accessed by threads: 1
Address 0x2af93b6726f8 is accessed by threads: 2, 3, 1
Address 0x2af93b6726f0 is accessed by threads: 2, 3, 1
Address 0x2af93b6720c4 is accessed by threads: 2, 3, 1
Address 0x2af93d65ee50 is accessed by threads: 3
Address 0x2af93d65ee30 is accessed by threads: 3
Address 0x2af93d65ee10 is accessed by threads: 3
Address 0x2af93d65edf8 is accessed by threads: 3
Address 0x2af93d65edf0 is accessed by threads: 3
Address 0x2af93d65ede8 is accessed by threads: 3
Address 0x1949cd0 is accessed by threads: 3
Address 0x1949cc8 is accessed by threads: 3
Address 0x2af93d65ede0 is accessed by threads: 3
Address 0x2af93d65edd8 is accessed by threads: 3
Address 0x2af93d65edac is accessed by threads: 3
Address 0x2af93d65ed98 is accessed by threads: 3
Address 0x2af93b6726fc is accessed by threads: 2, 3, 1
Address 0x2af93b6720c8 is accessed by threads: 2, 3, 1
Address 0x7fffbf1ecd08 is accessed by threads: 0
Address 0x7fffbf1eccc8 is accessed by threads: 0
Address 0x2af93d038d00 is accessed by threads: 2
Address 0x2af93d038cf8 is accessed by threads: 2
Address 0x2af93d65ed90 is accessed by threads: 3
Address 0x2af93d65ed08 is accessed by threads: 3
Address 0x2af93d65ed00 is accessed by threads: 3
Address 0x2af93d65ecf8 is accessed by threads: 3
Address 0x7fffbf1eccd8 is accessed by threads: 0
Address 0x2af93b6720cc is accessed by threads: 2, 3, 1
Address 0x2af93b6720d0 is accessed by threads: 2, 3, 1
Address 0x2af93b6720d4 is accessed by threads: 2, 3, 1
Address 0x2af93b6720d8 is accessed by threads: 2, 3, 1
Address 0x2af93b6720dc is accessed by threads: 2, 3, 1
Address 0x2af93b6720e0 is accessed by threads: 2, 3, 1
Address 0x2af93b6720e4 is accessed by threads: 2, 3, 1
Address 0x2af93b6720e8 is accessed by threads: 2, 3, 1
Address 0x2af93b6720ec is accessed by threads: 2, 3, 1
Address 0x2af93b6720f0 is accessed by threads: 2, 3, 1
Address 0x2af93b6720f4 is accessed by threads: 2, 3, 1
Address 0x2af93b6720f8 is accessed by threads: 2, 3, 1
Address 0x2af93b6720fc is accessed by threads: 2, 3, 1
Address 0x2af93b672100 is accessed by threads: 2, 3, 1
Address 0x2af93b672104 is accessed by threads: 2, 3, 1
Address 0x2af93b672108 is accessed by threads: 2, 3, 1
Address 0x2af93b67210c is accessed by threads: 2, 3, 1
Address 0x2af93b672110 is accessed by threads: 2, 3, 1
Address 0x2af93b672114 is accessed by threads: 2, 3, 1
Address 0x2af93b672118 is accessed by threads: 2, 3, 1
Address 0x2af93b67211c is accessed by threads: 2, 3, 1
Address 0x2af93b672120 is accessed by threads: 2, 3, 1
Address 0x2af93b672124 is accessed by threads: 2, 3, 1
Address 0x2af93b672128 is accessed by threads: 2, 3, 1
Address 0x2af93b67212c is accessed by threads: 2, 3, 1
Address 0x2af93b672130 is accessed by threads: 2, 3, 1
Address 0x2af93b672134 is accessed by threads: 2, 3, 1
Address 0x2af93b672138 is accessed by threads: 2, 3, 1
Address 0x2af93b67213c is accessed by threads: 2, 3, 1
Address 0x2af93b672700 is accessed by threads: 2, 3, 1
Address 0x2af93b6726e8 is accessed by threads: 2, 3, 1
Address 0x2af93b6726e0 is accessed by threads: 2, 3, 1
Address 0x2af93c9f7d58 is accessed by threads: 1
Address 0x7fffbf1eccd0 is accessed by threads: 0
Address 0x7fffbf1eccc0 is accessed by threads: 0
Address 0x7fffbf1eccb8 is accessed by threads: 0
Address 0x7fffbf1ecca8 is accessed by threads: 0
Address 0x7fffbf1ecca0 is accessed by threads: 0
Address 0x7fffbf1ecc98 is accessed by threads: 0
Address 0x2af93b672708 is accessed by threads: 2, 3, 1
Address 0x2af93c9f7d6c is accessed by threads: 1
Address 0x7fffbf1ecd00 is accessed by threads: 0
Address 0x6060d8 is accessed by threads: 0
Address 0x4009e0 is accessed by threads: 0
Address 0x7fffbf1ec250 is accessed by threads: 0
Address 0x7fffbf1ec258 is accessed by threads: 0
Address 0x7fffbf1ec248 is accessed by threads: 0
Address 0x7fffbf1ec268 is accessed by threads: 0
Address 0x2af93a73c024 is accessed by threads: 0
Address 0x2af93a73c028 is accessed by threads: 0
Address 0x2af93aa979c0 is accessed by threads: 0
Address 0x7fffbf1eccb0 is accessed by threads: 0
Address 0x2af93a741f90 is accessed by threads: 0
Address 0x2af93ab48000 is accessed by threads: 2, 0
Address 0x2af93c9f7d08 is accessed by threads: 1
Address 0x2af93b091284 is accessed by threads: 0
Address 0x2af93b091288 is accessed by threads: 0
Address 0x2af93c9f7d00 is accessed by threads: 1
Address 0x2af93c9f7cf8 is accessed by threads: 1
Address 0x7fffbf1ecc90 is accessed by threads: 0
Address 0x7fffbf1ecc88 is accessed by threads: 0
Address 0x2af93c9f89d0 is accessed by threads: 1, 0
Address 0x2af93c9f8d28 is accessed by threads: 1, 0
Address 0x2af93b92e750 is accessed by threads: 0
Address 0x2af93d65ed88 is accessed by threads: 3
Address 0x2af93d65ed80 is accessed by threads: 3
Address 0x2af93d65ed78 is accessed by threads: 3
Address 0x2af93d65ed70 is accessed by threads: 3
Address 0x2af93d65ed58 is accessed by threads: 3
Address 0x2af93d65ed6c is accessed by threads: 3
Address 0x2af93c9f7dcc is accessed by threads: 1
Address 0x7fffbf1ecc58 is accessed by threads: 0
Address 0x606018 is accessed by threads: 2, 3, 1
Address 0x400758 is accessed by threads: 1
Address 0x2af93b92ea48 is accessed by threads: 0
Address 0x2af93b2b5914 is accessed by threads: 1
Address 0x2af93b2b5918 is accessed by threads: 1
Address 0x2af93c9f7ce8 is accessed by threads: 1
Address 0x2af93c9f7ce0 is accessed by threads: 1
Address 0x2af93c9f7cd8 is accessed by threads: 1
Address 0x2af93b92ed68 is accessed by threads: 0
Address 0x2af93d65edcc is accessed by threads: 3
Address 0x2af93d038d88 is accessed by threads: 2
Address 0x2af93d65ece8 is accessed by threads: 3
Address 0x2af93d65ece0 is accessed by threads: 3
Address 0x2af93d65ecd8 is accessed by threads: 3
Address 0x2af93d038d80 is accessed by threads: 2
Address 0x2af93d038d78 is accessed by threads: 2
Address 0x2af93d038d70 is accessed by threads: 2
Address 0x2af93d038d58 is accessed by threads: 2
Address 0x2af93d038d6c is accessed by threads: 2
Address 0x2af93d038dcc is accessed by threads: 2
Address 0x2af93d038d68 is accessed by threads: 2
Address 0x2af93d038d7c is accessed by threads: 2
Address 0x2af93d038ce8 is accessed by threads: 2
Address 0x2af93d038ce0 is accessed by threads: 2
Address 0x2af93d038cd8 is accessed by threads: 2
Address 0x2af93d038dc8 is accessed by threads: 2
Address 0x2af93d038db8 is accessed by threads: 2
Address 0x2af93d65ed68 is accessed by threads: 3
Address 0x2af93d038d48 is accessed by threads: 2
Address 0x2af93d038d40 is accessed by threads: 2
Address 0x2af93d038d38 is accessed by threads: 2
Address 0x2af93d038d28 is accessed by threads: 2
Address 0x2af93d038d20 is accessed by threads: 2
Address 0x2af93d65ed7c is accessed by threads: 3
Address 0x6060b0 is accessed by threads: 2, 1, 3
Address 0x400968 is accessed by threads: 2
Address 0x2af93d0382d0 is accessed by threads: 2
Address 0x2af93d0382d8 is accessed by threads: 2
Address 0x2af93d0382c8 is accessed by threads: 2
Address 0x2af93d0382e8 is accessed by threads: 2
Address 0x2af93b090e7c is accessed by threads: 2
Address 0x2af93b090e80 is accessed by threads: 2
Address 0x606270 is accessed by threads: 2, 1, 3
Address 0x2af93b2aa480 is accessed by threads: 2, 1, 3
Address 0x606260 is accessed by threads: 2, 1, 3
Address 0x2af93d0399d0 is accessed by threads: 2, 0
Address 0x606268 is accessed by threads: 2, 1, 3
Address 0x60626c is accessed by threads: 2, 1, 3
Address 0x2af93d65edc8 is accessed by threads: 3
Address 0x2af93c9f7d68 is accessed by threads: 1
Address 0x2af93d65edb8 is accessed by threads: 3
Address 0x2af93d65ed48 is accessed by threads: 3
Address 0x1949c2c is accessed by threads: 2
Address 0x2af93d038dc4 is accessed by threads: 2
Address 0x2af93d65ed40 is accessed by threads: 3
Address 0x2af93d65ed38 is accessed by threads: 3
Address 0x2af93d65ed28 is accessed by threads: 3
Address 0x2af93d65ed20 is accessed by threads: 3
Address 0x606090 is accessed by threads: 2, 1, 3
Address 0x4008d8 is accessed by threads: 2
Address 0x2af93a72739c is accessed by threads: 2
Address 0x2af93a7273a0 is accessed by threads: 2
Address 0x2af93c9f7d7c is accessed by threads: 1
Address 0x2af93c9f7dc8 is accessed by threads: 1
Address 0x2af93c9f7db8 is accessed by threads: 1
Address 0x2af93c9f7d48 is accessed by threads: 1
Address 0x2af93c9f7d40 is accessed by threads: 1
Address 0x2af93c9f7d38 is accessed by threads: 1
Address 0x2af93c9f7d28 is accessed by threads: 1
Address 0x2af93c9f7d20 is accessed by threads: 1
Address 0x2af93c9f7ca0 is accessed by threads: 1
Address 0x2af93d65eca0 is accessed by threads: 3
Address 0x2af93aa96a38 is accessed by threads: 2, 1, 3
Address 0x2af93c9f7c98 is accessed by threads: 1
Address 0x2af93c9f7c90 is accessed by threads: 1
Address 0x2af93d65ec98 is accessed by threads: 3
Address 0x2af93d65ec90 is accessed by threads: 3
Address 0x2af93a72d8a8 is accessed by threads: 2
Address 0x2af93d038310 is accessed by threads: 2
Address 0x2af93d038308 is accessed by threads: 2
Address 0x2af93b2b3634 is accessed by threads: 2
Address 0x2af93b2b3638 is accessed by threads: 2
Address 0x2af93aa96f88 is accessed by threads: 2, 1, 3
Address 0x2af93a7347d8 is accessed by threads: 2
Address 0x2af93a7347dc is accessed by threads: 2
Address 0x2af93a7347e0 is accessed by threads: 2
Address 0x2af93d038d60 is accessed by threads: 2
Address 0x2af93d038d50 is accessed by threads: 2
Address 0x2af93d038d10 is accessed by threads: 2
Address 0x2af93aa978e0 is accessed by threads: 2, 1, 3
Address 0x2af93a740cb8 is accessed by threads: 2
Address 0x2af93d038290 is accessed by threads: 2
Address 0x2af93d038298 is accessed by threads: 2
Address 0x2af93d038288 is accessed by threads: 2
Address 0x2af93d0382a8 is accessed by threads: 2
Address 0x2af93a740cbc is accessed by threads: 2
Address 0x2af93a740cc0 is accessed by threads: 2
Address 0x606120 is accessed by threads: 0, 2, 1, 3
Address 0x2af93d038d30 is accessed by threads: 2
Address 0x2af93aa93948 is accessed by threads: 0, 2, 1, 3
Address 0x606200 is accessed by threads: 2, 1, 3
Address 0x606148 is accessed by threads: 2, 1, 3
Address 0x606138 is accessed by threads: 2, 1, 3
Address 0x2af93d038d18 is accessed by threads: 2
Address 0x606210 is accessed by threads: 0, 2, 1, 3
Address 0x2af93aa98720 is accessed by threads: 0, 2, 1, 3
Address 0x2af93aa920b8 is accessed by threads: 2, 1, 3
Address 0x2af93aa98760 is accessed by threads: 0, 2, 1, 3
Address 0x2af93aa97630 is accessed by threads: 2, 1, 3
Address 0x2af93a73de98 is accessed by threads: 2
Address 0x2af93b2b81ac is accessed by threads: 2
Address 0x2af93b2b81b0 is accessed by threads: 2
Address 0x2af93d038cf0 is accessed by threads: 2
Address 0x2af93b673400 is accessed by threads: 0, 2, 1, 3
Address 0x2af93b673488 is accessed by threads: 0, 2, 1, 3
Address 0x2af93d039710 is accessed by threads: 2
Address 0x2af93b674a08 is accessed by threads: 0, 2, 1, 3
Address 0x2af93b674a00 is accessed by threads: 0, 2, 1, 3
Address 0x2af93b674a04 is accessed by threads: 0, 2, 1, 3
Address 0x2af93b6734c0 is accessed by threads: 0, 2, 1, 3
Address 0x2af93b6734d8 is accessed by threads: 0, 2, 1, 3
Address 0x2af93b66f3b8 is accessed by threads: 2, 1, 3
Address 0x2af93d038cc8 is accessed by threads: 2
Address 0x2af93d038cc0 is accessed by threads: 2
Address 0x2af93d038cb8 is accessed by threads: 2
Address 0x2af93d038cb0 is accessed by threads: 2
Address 0x2af93d038ca8 is accessed by threads: 2
Address 0x2af93d038ca0 is accessed by threads: 2
Address 0x2af93d038c98 is accessed by threads: 2
Address 0x2af93b673430 is accessed by threads: 0, 2, 1, 3
Address 0x2af93b673428 is accessed by threads: 0, 2, 1, 3
Address 0x2af93b66f398 is accessed by threads: 2
Address 0x2af93d038c78 is accessed by threads: 2
Address 0x2af93d038c70 is accessed by threads: 2
Address 0x2af93d038c68 is accessed by threads: 2
Address 0x2af93d038c60 is accessed by threads: 2
Address 0x2af93b673420 is accessed by threads: 0, 2, 1, 3
Address 0x2af93d038c58 is accessed by threads: 2
Address 0x2af93d038c50 is accessed by threads: 2
Address 0x2af93d038c48 is accessed by threads: 2
Address 0x2af93d038c40 is accessed by threads: 2
Address 0x2af93b673438 is accessed by threads: 0, 2, 1, 3
Address 0x2af93b66f3e8 is accessed by threads: 2
Address 0x2af93d038c38 is accessed by threads: 2
Address 0x2af93d038c30 is accessed by threads: 2
Address 0x2af93d038c28 is accessed by threads: 2
Address 0x2af93d038c20 is accessed by threads: 2
Address 0x2af93b673470 is accessed by threads: 2, 1, 3
Address 0x2af93b66f410 is accessed by threads: 2
Address 0x2af93d038b88 is accessed by threads: 2
Address 0x2af93d038ba8 is accessed by threads: 2
Address 0x2af93d038bc8 is accessed by threads: 2
Address 0x2af93d038b80 is accessed by threads: 2
Address 0x2af93d038b78 is accessed by threads: 2
Address 0x2af93d038b70 is accessed by threads: 2
Address 0x2af93d038b68 is accessed by threads: 2
Address 0x2af93d038b60 is accessed by threads: 2
Address 0x2af93d038b58 is accessed by threads: 2
Address 0x2af93b673440 is accessed by threads: 0, 2, 1, 3
Address 0x2af93b673418 is accessed by threads: 0, 2, 1, 3
Address 0x2af93b673408 is accessed by threads: 0, 2, 1, 3
Address 0x2af93b673410 is accessed by threads: 0, 2, 1, 3
Address 0x403848 is accessed by threads: 2, 1, 3
Address 0x2af93d9cf000 is accessed by threads: 2, 1, 3
Address 0x403849 is accessed by threads: 2, 1, 3
Address 0x2af93d9cf001 is accessed by threads: 2, 1, 3
Address 0x40384a is accessed by threads: 2
Address 0x2af93d9cf002 is accessed by threads: 2
Address 0x40384b is accessed by threads: 2, 1, 3
Address 0x2af93d9cf003 is accessed by threads: 2, 1, 3
Address 0x40384c is accessed by threads: 2
Address 0x2af93d9cf004 is accessed by threads: 2
Address 0x40384d is accessed by threads: 2
Address 0x2af93d9cf005 is accessed by threads: 2
Address 0x40384e is accessed by threads: 2
Address 0x2af93d9cf006 is accessed by threads: 2
Address 0x2af93aa965e0 is accessed by threads: 2, 1, 3
Address 0x2af93a728a00 is accessed by threads: 2
Address 0x2af93a728a04 is accessed by threads: 2
Address 0x2af93a728a08 is accessed by threads: 2
Address 0x606141 is accessed by threads: 2, 1, 3
Address 0x6060e0 is accessed by threads: 2, 1, 3
Address 0x4009f8 is accessed by threads: 2
Address 0x2af93a73eacc is accessed by threads: 2
Address 0x2af93a73ead0 is accessed by threads: 2
Address 0x606140 is accessed by threads: 2, 1, 3
Address 0x2af93aa966c8 is accessed by threads: 2, 1, 3
Address 0x2af93a729b58 is accessed by threads: 2
Address 0x2af93a729b5c is accessed by threads: 2
Address 0x2af93a729b60 is accessed by threads: 2
Address 0x606220 is accessed by threads: 2, 1, 3
Address 0x606209 is accessed by threads: 2, 1, 3
Address 0x606218 is accessed by threads: 2, 1, 3
Address 0x2af93aa9a0d8 is accessed by threads: 2, 1, 3
Address 0x2af93aa96b60 is accessed by threads: 2
Address 0x2af93a72f1f8 is accessed by threads: 2
Address 0x2af93a72f1fc is accessed by threads: 2
Address 0x2af93a72f200 is accessed by threads: 2
Address 0x2af93d038c31 is accessed by threads: 2
Address 0x2af93d038c32 is accessed by threads: 2
Address 0x2af93d038c33 is accessed by threads: 2
Address 0x2af93d038c34 is accessed by threads: 2
Address 0x2af93d038c35 is accessed by threads: 2
Address 0x2af93d038c36 is accessed by threads: 2
Address 0x2af93d038c37 is accessed by threads: 2
Address 0x2af93d038c39 is accessed by threads: 2
Address 0x2af93d038c3a is accessed by threads: 2
Address 0x2af93d038c3b is accessed by threads: 2
Address 0x2af93d038c3c is accessed by threads: 2
Address 0x2af93d038c3d is accessed by threads: 2
Address 0x2af93d038c3e is accessed by threads: 2
Address 0x2af93d038c3f is accessed by threads: 2
Address 0x2af93d038c41 is accessed by threads: 2
Address 0x2af93d038c42 is accessed by threads: 2
Address 0x2af93d038c43 is accessed by threads: 2
Address 0x2af93d038c44 is accessed by threads: 2
Address 0x2af93d038c45 is accessed by threads: 2
Address 0x2af93d038c46 is accessed by threads: 2
Address 0x2af93d038c47 is accessed by threads: 2
Address 0x2af93d038c49 is accessed by threads: 2
Address 0x2af93d038c4a is accessed by threads: 2
Address 0x2af93d038c4b is accessed by threads: 2
Address 0x2af93d038c4c is accessed by threads: 2
Address 0x2af93d038c4d is accessed by threads: 2
Address 0x2af93d038c4e is accessed by threads: 2
Address 0x2af93d038c4f is accessed by threads: 2
Address 0x2af93d038c51 is accessed by threads: 2
Address 0x2af93d038c52 is accessed by threads: 2
Address 0x2af93d038c53 is accessed by threads: 2
Address 0x2af93d038c54 is accessed by threads: 2
Address 0x2af93d038c55 is accessed by threads: 2
Address 0x2af93d038c56 is accessed by threads: 2
Address 0x2af93d038c57 is accessed by threads: 2
Address 0x2af93d038c59 is accessed by threads: 2
Address 0x2af93d038c5a is accessed by threads: 2
Address 0x2af93d038c5b is accessed by threads: 2
Address 0x2af93d038c5c is accessed by threads: 2
Address 0x2af93d038c5d is accessed by threads: 2
Address 0x2af93d038c5e is accessed by threads: 2
Address 0x2af93d038c5f is accessed by threads: 2
Address 0x2af93d038c61 is accessed by threads: 2
Address 0x2af93d038c62 is accessed by threads: 2
Address 0x2af93d038c63 is accessed by threads: 2
Address 0x2af93d038c64 is accessed by threads: 2
Address 0x2af93d038c65 is accessed by threads: 2
Address 0x2af93d038c66 is accessed by threads: 2
Address 0x2af93d038c67 is accessed by threads: 2
Address 0x2af93d038c69 is accessed by threads: 2
Address 0x2af93d038c6a is accessed by threads: 2
Address 0x2af93d038c6b is accessed by threads: 2
Address 0x2af93d038c6c is accessed by threads: 2
Address 0x2af93d038c6d is accessed by threads: 2
Address 0x2af93d038c6e is accessed by threads: 2
Address 0x2af93d038c6f is accessed by threads: 2
Address 0x2af93d038c71 is accessed by threads: 2
Address 0x2af93d038c72 is accessed by threads: 2
Address 0x2af93d038c73 is accessed by threads: 2
Address 0x2af93d038c74 is accessed by threads: 2
Address 0x2af93d038c75 is accessed by threads: 2
Address 0x2af93d038c76 is accessed by threads: 2
Address 0x2af93d038c77 is accessed by threads: 2
Address 0x2af93d038c79 is accessed by threads: 2
Address 0x2af93d038c7a is accessed by threads: 2
Address 0x2af93d038c7b is accessed by threads: 2
Address 0x2af93d038c7c is accessed by threads: 2
Address 0x2af93d038c7d is accessed by threads: 2
Address 0x2af93d038c7e is accessed by threads: 2
Address 0x2af93d038c7f is accessed by threads: 2
Address 0x2af93d038c80 is accessed by threads: 2
Address 0x2af93d038c81 is accessed by threads: 2
Address 0x2af93d038c82 is accessed by threads: 2
Address 0x2af93d038c83 is accessed by threads: 2
Address 0x2af93d038c84 is accessed by threads: 2
Address 0x2af93d038c85 is accessed by threads: 2
Address 0x2af93d038c86 is accessed by threads: 2
Address 0x2af93d038c87 is accessed by threads: 2
Address 0x2af93d038c88 is accessed by threads: 2
Address 0x2af93d038c89 is accessed by threads: 2
Address 0x2af93d038c8a is accessed by threads: 2
Address 0x2af93d038c8b is accessed by threads: 2
Address 0x2af93d038c8c is accessed by threads: 2
Address 0x2af93d038c8d is accessed by threads: 2
Address 0x2af93d038c8e is accessed by threads: 2
Address 0x2af93d038c8f is accessed by threads: 2
Address 0x2af93d038c90 is accessed by threads: 2
Address 0x2af93d038c91 is accessed by threads: 2
Address 0x2af93d038c92 is accessed by threads: 2
Address 0x2af93d038c93 is accessed by threads: 2
Address 0x2af93d038c94 is accessed by threads: 2
Address 0x2af93d038c95 is accessed by threads: 2
Address 0x2af93d038c96 is accessed by threads: 2
Address 0x2af93d038c97 is accessed by threads: 2
Address 0x2af93d038c99 is accessed by threads: 2
Address 0x2af93d038c9a is accessed by threads: 2
Address 0x2af93d038c9b is accessed by threads: 2
Address 0x2af93d038c9c is accessed by threads: 2
Address 0x2af93d038c9d is accessed by threads: 2
Address 0x2af93d038c9e is accessed by threads: 2
Address 0x2af93d038c9f is accessed by threads: 2
Address 0x2af93d038ca1 is accessed by threads: 2
Address 0x2af93d038ca2 is accessed by threads: 2
Address 0x2af93d038ca3 is accessed by threads: 2
Address 0x2af93d038ca4 is accessed by threads: 2
Address 0x2af93d038ca5 is accessed by threads: 2
Address 0x2af93d038ca6 is accessed by threads: 2
Address 0x2af93d038ca7 is accessed by threads: 2
Address 0x2af93d038ca9 is accessed by threads: 2
Address 0x2af93d038caa is accessed by threads: 2
Address 0x2af93d038cab is accessed by threads: 2
Address 0x2af93d038cac is accessed by threads: 2
Address 0x2af93d038cad is accessed by threads: 2
Address 0x2af93d038cae is accessed by threads: 2
Address 0x2af93d038caf is accessed by threads: 2
Address 0x2af93d038cb1 is accessed by threads: 2
Address 0x2af93d038cb2 is accessed by threads: 2
Address 0x2af93d038cb3 is accessed by threads: 2
Address 0x2af93d038cb4 is accessed by threads: 2
Address 0x2af93d038cb5 is accessed by threads: 2
Address 0x2af93d038cb6 is accessed by threads: 2
Address 0x2af93d038cb7 is accessed by threads: 2
Address 0x2af93d038cb9 is accessed by threads: 2
Address 0x2af93d038cba is accessed by threads: 2
Address 0x2af93d038cbb is accessed by threads: 2
Address 0x2af93d038cbc is accessed by threads: 2
Address 0x2af93d038cbd is accessed by threads: 2
Address 0x2af93d038cbe is accessed by threads: 2
Address 0x2af93d038cbf is accessed by threads: 2
Address 0x2af93d038cc1 is accessed by threads: 2
Address 0x2af93d038cc2 is accessed by threads: 2
Address 0x2af93d038cc3 is accessed by threads: 2
Address 0x2af93d038cc4 is accessed by threads: 2
Address 0x2af93d038cc5 is accessed by threads: 2
Address 0x2af93d038cc6 is accessed by threads: 2
Address 0x2af93d038cc7 is accessed by threads: 2
Address 0x2af93d038cc9 is accessed by threads: 2
Address 0x2af93d038cca is accessed by threads: 2
Address 0x2af93d038ccb is accessed by threads: 2
Address 0x2af93d038ccc is accessed by threads: 2
Address 0x2af93d038ccd is accessed by threads: 2
Address 0x2af93d038cce is accessed by threads: 2
Address 0x2af93d038ccf is accessed by threads: 2
Address 0x2af93d038cd0 is accessed by threads: 2
Address 0x2af93d038cd1 is accessed by threads: 2
Address 0x2af93d038cd2 is accessed by threads: 2
Address 0x2af93d038cd3 is accessed by threads: 2
Address 0x2af93d038cd4 is accessed by threads: 2
Address 0x2af93d038cd5 is accessed by threads: 2
Address 0x2af93d038cd6 is accessed by threads: 2
Address 0x2af93d038cd7 is accessed by threads: 2
Address 0x2af93d038cd9 is accessed by threads: 2
Address 0x2af93d038cda is accessed by threads: 2
Address 0x2af93d038cdb is accessed by threads: 2
Address 0x2af93d038cdc is accessed by threads: 2
Address 0x2af93d038cdd is accessed by threads: 2
Address 0x2af93d038cde is accessed by threads: 2
Address 0x2af93d038cdf is accessed by threads: 2
Address 0x2af93d038ce1 is accessed by threads: 2
Address 0x2af93d038ce2 is accessed by threads: 2
Address 0x2af93d038ce3 is accessed by threads: 2
Address 0x2af93d038ce4 is accessed by threads: 2
Address 0x2af93d038ce5 is accessed by threads: 2
Address 0x2af93d038ce6 is accessed by threads: 2
Address 0x2af93d038ce7 is accessed by threads: 2
Address 0x2af93d038ce9 is accessed by threads: 2
Address 0x2af93d038cea is accessed by threads: 2
Address 0x2af93d038ceb is accessed by threads: 2
Address 0x2af93d038cec is accessed by threads: 2
Address 0x2af93d038ced is accessed by threads: 2
Address 0x2af93d038cee is accessed by threads: 2
Address 0x2af93d038cef is accessed by threads: 2
Address 0x2af93d038cf1 is accessed by threads: 2
Address 0x2af93d038cf2 is accessed by threads: 2
Address 0x2af93d038cf3 is accessed by threads: 2
Address 0x2af93d038cf4 is accessed by threads: 2
Address 0x2af93d038cf5 is accessed by threads: 2
Address 0x2af93d038cf6 is accessed by threads: 2
Address 0x2af93d038cf7 is accessed by threads: 2
Address 0x2af93d038cf9 is accessed by threads: 2
Address 0x2af93d038cfa is accessed by threads: 2
Address 0x2af93d038cfb is accessed by threads: 2
Address 0x2af93d038cfc is accessed by threads: 2
Address 0x2af93d038cfd is accessed by threads: 2
Address 0x2af93d038cfe is accessed by threads: 2
Address 0x2af93d038cff is accessed by threads: 2
Address 0x2af93d038d01 is accessed by threads: 2
Address 0x2af93d038d02 is accessed by threads: 2
Address 0x2af93d038d03 is accessed by threads: 2
Address 0x2af93d038d04 is accessed by threads: 2
Address 0x2af93d038d05 is accessed by threads: 2
Address 0x2af93d038d06 is accessed by threads: 2
Address 0x2af93d038d07 is accessed by threads: 2
Address 0x2af93d038d09 is accessed by threads: 2
Address 0x2af93d038d0a is accessed by threads: 2
Address 0x2af93d038d0b is accessed by threads: 2
Address 0x2af93d038d0c is accessed by threads: 2
Address 0x2af93d038d0d is accessed by threads: 2
Address 0x2af93d038d0e is accessed by threads: 2
Address 0x2af93d038d0f is accessed by threads: 2
Address 0x2af93d038d11 is accessed by threads: 2
Address 0x2af93d038d12 is accessed by threads: 2
Address 0x2af93d038d13 is accessed by threads: 2
Address 0x2af93d038d14 is accessed by threads: 2
Address 0x2af93d038d15 is accessed by threads: 2
Address 0x2af93d038d16 is accessed by threads: 2
Address 0x2af93d038d17 is accessed by threads: 2
Address 0x2af93d038d19 is accessed by threads: 2
Address 0x2af93d038d1a is accessed by threads: 2
Address 0x2af93d038d1b is accessed by threads: 2
Address 0x2af93d038d1c is accessed by threads: 2
Address 0x2af93d038d1d is accessed by threads: 2
Address 0x2af93d038d1e is accessed by threads: 2
Address 0x2af93d038d1f is accessed by threads: 2
Address 0x2af93d038d21 is accessed by threads: 2
Address 0x2af93d038d22 is accessed by threads: 2
Address 0x2af93d038d23 is accessed by threads: 2
Address 0x2af93d038d24 is accessed by threads: 2
Address 0x2af93d038d25 is accessed by threads: 2
Address 0x2af93d038d26 is accessed by threads: 2
Address 0x2af93d038d27 is accessed by threads: 2
Address 0x2af93d038d29 is accessed by threads: 2
Address 0x2af93d038d2a is accessed by threads: 2
Address 0x2af93d038d2b is accessed by threads: 2
Address 0x2af93d038d2c is accessed by threads: 2
Address 0x2af93d038d2d is accessed by threads: 2
Address 0x2af93d038d2e is accessed by threads: 2
Address 0x2af93d038d2f is accessed by threads: 2
Address 0x2af93aa9a0a0 is accessed by threads: 2
Address 0x2af93aa8f8a8 is accessed by threads: 2
Address 0x2af93aa95f00 is accessed by threads: 2
Address 0x2af93aa9a0d9 is accessed by threads: 2
Address 0x2af93aa9a0e9 is accessed by threads: 2
Address 0x2af93aa9a0f9 is accessed by threads: 2
Address 0x2af93aa9a109 is accessed by threads: 2
Address 0x2af93aa9a119 is accessed by threads: 2
Address 0x2af93aa9a129 is accessed by threads: 2
Address 0x2af93aa9a139 is accessed by threads: 2
Address 0x2af93aa9a149 is accessed by threads: 2
Address 0x2af93aa9a159 is accessed by threads: 2
Address 0x2af93aa9a169 is accessed by threads: 2
Address 0x2af93aa9a179 is accessed by threads: 2
Address 0x2af93aa9a189 is accessed by threads: 2
Address 0x2af93aa9a199 is accessed by threads: 2
Address 0x2af93aa9a1a9 is accessed by threads: 2
Address 0x2af93aa9a1b9 is accessed by threads: 2
Address 0x2af93aa9a1c9 is accessed by threads: 2
Address 0x2af93aa973a8 is accessed by threads: 2
Address 0x2af93a73a838 is accessed by threads: 2
Address 0x2af93d0381d0 is accessed by threads: 2
Address 0x2af93d0381d8 is accessed by threads: 2
Address 0x2af93d0381c8 is accessed by threads: 2
Address 0x2af93d0381e8 is accessed by threads: 2
Address 0x2af93b2b40fc is accessed by threads: 2
Address 0x2af93b2b4100 is accessed by threads: 2
Address 0x2af93b671e48 is accessed by threads: 2
Address 0x2af926b2ec80 is accessed by threads: 2
Address 0x2af93aa9a0e0 is accessed by threads: 2
Address 0x2af93aa9a0f0 is accessed by threads: 2
Address 0x2af93aa9a100 is accessed by threads: 2
Address 0x2af93aa9a110 is accessed by threads: 2
Address 0x2af93aa9a120 is accessed by threads: 2
Address 0x2af93aa9a130 is accessed by threads: 2
Address 0x2af93aa9a140 is accessed by threads: 2
Address 0x2af93aa9a150 is accessed by threads: 2
Address 0x2af93aa9a160 is accessed by threads: 2
Address 0x2af93aa9a170 is accessed by threads: 2
Address 0x2af93aa9a180 is accessed by threads: 2
Address 0x2af93aa9a190 is accessed by threads: 2
Address 0x2af93aa9a1a0 is accessed by threads: 2
Address 0x2af93aa9a1b0 is accessed by threads: 2
Address 0x2af93b4385f4 is accessed by threads: 2
Address 0x2af93aa9a1c0 is accessed by threads: 2
Address 0x2af93aa9a1d0 is accessed by threads: 2
Address 0x2af93aa9a1d8 is accessed by threads: 2
Address 0x2af93aa8f8a0 is accessed by threads: 2
Address 0x2af93aa95fa0 is accessed by threads: 2
Address 0x606208 is accessed by threads: 2, 1, 3
Address 0x2af93aa9a030 is accessed by threads: 2, 1, 3
Address 0x2af93aa933e0 is accessed by threads: 2, 1, 3
Address 0x2af93aa96ff0 is accessed by threads: 2, 1, 3
Address 0x2af93a735420 is accessed by threads: 2
Address 0x2af93a735424 is accessed by threads: 2
Address 0x2af93a735428 is accessed by threads: 2
Address 0x2af93aa959f8 is accessed by threads: 2, 1, 3
Address 0x6061f8 is accessed by threads: 2, 1, 3
Address 0x2af93aa9a698 is accessed by threads: 2, 1, 3
Address 0x2af93aa9a3d0 is accessed by threads: 2, 1, 3
Address 0x2af93aa99830 is accessed by threads: 2, 1, 3
Address 0x2af93aa99800 is accessed by threads: 2, 1, 3
Address 0x2af93d038c18 is accessed by threads: 2
Address 0x2af93d038bf8 is accessed by threads: 2
Address 0x2af93d9cf007 is accessed by threads: 2, 1, 3
Address 0x403850 is accessed by threads: 2, 1, 3
Address 0x403860 is accessed by threads: 2, 1, 3
Address 0x2af93d9cf008 is accessed by threads: 2, 1, 3
Address 0x403851 is accessed by threads: 2, 1, 3
Address 0x2af93d9cf009 is accessed by threads: 2, 1, 3
Address 0x403853 is accessed by threads: 2, 1, 3
Address 0x40385b is accessed by threads: 2, 1, 3
Address 0x2af93d9cf00b is accessed by threads: 2, 1, 3
Address 0x2af93d9cf013 is accessed by threads: 2, 1, 3
Address 0x2af93aa99831 is accessed by threads: 2, 1, 3
Address 0x2af93d9cf01b is accessed by threads: 2, 1, 3
Address 0x403864 is accessed by threads: 2, 1, 3
Address 0x2af93d9cf01c is accessed by threads: 2, 1, 3
Address 0x403865 is accessed by threads: 2, 1, 3
Address 0x2af93d9cf01d is accessed by threads: 2, 1, 3
Address 0x2af93aa9982f is accessed by threads: 2, 1, 3
Address 0x2af93d9cf021 is accessed by threads: 2, 1, 3
Address 0x6060a0 is accessed by threads: 2, 1, 3
Address 0x400908 is accessed by threads: 2
Address 0x2af93a73408c is accessed by threads: 2
Address 0x2af93a734090 is accessed by threads: 2
Address 0x606040 is accessed by threads: 2, 1, 3
Address 0x4007d0 is accessed by threads: 2
Address 0x2af93a72e104 is accessed by threads: 2
Address 0x2af93a72e108 is accessed by threads: 2
Address 0x2af93aa9a0e3 is accessed by threads: 2, 1, 3
Address 0x2af93aa96520 is accessed by threads: 2, 1, 3
Address 0x2af93a727a88 is accessed by threads: 2
Address 0x2af93a727a8c is accessed by threads: 2
Address 0x2af93a727a90 is accessed by threads: 2
Address 0x2af93aa98748 is accessed by threads: 2, 1, 3
Address 0x2af93aa98750 is accessed by threads: 2, 1, 3
Address 0x2af93aa920c0 is accessed by threads: 2, 1, 3
Address 0x2af93aa96fa8 is accessed by threads: 2, 1, 3
Address 0x2af93a734ac0 is accessed by threads: 2
Address 0x2af93b2b0fac is accessed by threads: 2
Address 0x2af93b2b0fb0 is accessed by threads: 2
Address 0x2af93d9cf022 is accessed by threads: 2, 1, 3
Address 0x2af93aa96ea8 is accessed by threads: 0, 2, 1, 3
Address 0x2af93a7335c0 is accessed by threads: 2
Address 0x2af93a7335c4 is accessed by threads: 2
Address 0x2af93a7335c8 is accessed by threads: 2
Address 0x2af93aa92088 is accessed by threads: 0, 2, 1, 3
Address 0x2af93aa97968 is accessed by threads: 0, 2, 1, 3
Address 0x2af93a7419a8 is accessed by threads: 2
Address 0x2af93b2af59c is accessed by threads: 2, 0
Address 0x2af93b2af5a0 is accessed by threads: 2, 0
Address 0x2af93b66f3e0 is accessed by threads: 0, 2, 1, 3
Address 0x2af93b66f3f8 is accessed by threads: 2, 1, 3
Address 0x2af93b673474 is accessed by threads: 2, 1, 3
Address 0x2af93d039a08 is accessed by threads: 2, 0
Address 0x2af93b673490 is accessed by threads: 0, 2, 1, 3
Address 0x2af93b673480 is accessed by threads: 2, 1, 3
Address 0x606060 is accessed by threads: 2, 1, 3
Address 0x400848 is accessed by threads: 2
Address 0x2af93b091b0c is accessed by threads: 2
Address 0x2af93b091b10 is accessed by threads: 2
Address 0x1949c3c is accessed by threads: 3, 1
Address 0x2af93d65edc4 is accessed by threads: 3
Address 0x2af93d65ed60 is accessed by threads: 3
Address 0x2af93d65ed50 is accessed by threads: 3
Address 0x2af93d65ed10 is accessed by threads: 3
Address 0x2af93d65ed30 is accessed by threads: 3
Address 0x2af93d65ed18 is accessed by threads: 3
Address 0x2af93d65ecf0 is accessed by threads: 3
Address 0x2af93d65f710 is accessed by threads: 3
Address 0x2af93d65ecc8 is accessed by threads: 3
Address 0x2af93d65ecc0 is accessed by threads: 3
Address 0x2af93d65ecb8 is accessed by threads: 3
Address 0x2af93d65ecb0 is accessed by threads: 3
Address 0x2af93d65eca8 is accessed by threads: 3
Address 0x2af93d65ec78 is accessed by threads: 3
Address 0x2af93d65ecdc is accessed by threads: 3
Address 0x2af93d65ec88 is accessed by threads: 3
Address 0x2af93d65ecb7 is accessed by threads: 3
Address 0x2af93d65ed0c is accessed by threads: 3
Address 0x2af93d65ec80 is accessed by threads: 3
Address 0x2af93d65ec70 is accessed by threads: 3
Address 0x2af93d65ec68 is accessed by threads: 3
Address 0x2af93d65ec60 is accessed by threads: 3
Address 0x2af93d65ec58 is accessed by threads: 3
Address 0x2af93d65ec48 is accessed by threads: 3
Address 0x2af93d65ec40 is accessed by threads: 3
Address 0x2af93d65ec38 is accessed by threads: 3
Address 0x2af93d65ec30 is accessed by threads: 3
Address 0x2af93d65ec28 is accessed by threads: 3
Address 0x2af93d65ec20 is accessed by threads: 3
Address 0x2af93d65ec18 is accessed by threads: 3
Address 0x2af93d65ebf8 is accessed by threads: 3
Address 0x2af93aa99835 is accessed by threads: 3, 1
Address 0x2af93d65fa08 is accessed by threads: 3, 0
Address 0x2af93d65ecd0 is accessed by threads: 3
Address 0x2af93c9f7dc4 is accessed by threads: 1
Address 0x2af93c9f7d60 is accessed by threads: 1
Address 0x2af93c9f7d50 is accessed by threads: 1
Address 0x2af93c9f7d10 is accessed by threads: 1
Address 0x2af93c9f7d30 is accessed by threads: 1
Address 0x2af93c9f7d18 is accessed by threads: 1
Address 0x2af93c9f7cf0 is accessed by threads: 1
Address 0x2af93c9f8710 is accessed by threads: 1
Address 0x2af93c9f7cc8 is accessed by threads: 1
Address 0x2af93c9f7cc0 is accessed by threads: 1
Address 0x2af93c9f7cb8 is accessed by threads: 1
Address 0x2af93c9f7cb0 is accessed by threads: 1
Address 0x2af93c9f7ca8 is accessed by threads: 1
Address 0x2af93c9f7c78 is accessed by threads: 1
Address 0x2af93c9f7cdc is accessed by threads: 1
Address 0x2af93c9f7c88 is accessed by threads: 1
Address 0x2af93c9f7cb7 is accessed by threads: 1
Address 0x2af93c9f7d0c is accessed by threads: 1
Address 0x2af93c9f7c80 is accessed by threads: 1
Address 0x2af93c9f7c70 is accessed by threads: 1
Address 0x2af93c9f7c68 is accessed by threads: 1
Address 0x2af93c9f7c60 is accessed by threads: 1
Address 0x2af93c9f7c58 is accessed by threads: 1
Address 0x2af93c9f7c48 is accessed by threads: 1
Address 0x2af93c9f7c40 is accessed by threads: 1
Address 0x2af93c9f7c38 is accessed by threads: 1
Address 0x2af93c9f7c30 is accessed by threads: 1
Address 0x2af93c9f7c28 is accessed by threads: 1
Address 0x2af93c9f7c20 is accessed by threads: 1
Address 0x2af93c9f7c18 is accessed by threads: 1
Address 0x2af93c9f7bf8 is accessed by threads: 1
Address 0x2af93c9f8a08 is accessed by threads: 1, 0
Address 0x2af93c9f7cd0 is accessed by threads: 1
Address 0x1949c30 is accessed by threads: 2, 1
Address 0x2af93aa99832 is accessed by threads: 2, 1, 3
Address 0x1949c24 is accessed by threads: 3, 1
Address 0x1949c20 is accessed by threads: 1
Address 0x2af93aa9982e is accessed by threads: 1
Address 0x1949c38 is accessed by threads: 2
Address 0x4038a0 is accessed by threads: 2, 1, 3
Address 0x2af93c9f7ec8 is accessed by threads: 1
Address 0x606038 is accessed by threads: 2, 1, 3
Address 0x2af93c9f7eb0 is accessed by threads: 1
Address 0x4007b8 is accessed by threads: 1
Address 0x2af93c9f7450 is accessed by threads: 1
Address 0x2af93c9f7458 is accessed by threads: 1
Address 0x2af93c9f7448 is accessed by threads: 1
Address 0x2af93c9f7468 is accessed by threads: 1
Address 0x2af93a7394d4 is accessed by threads: 1
Address 0x2af93a7394d8 is accessed by threads: 1
Address 0x1949cd8 is accessed by threads: 1
Address 0x2af93c9f8d30 is accessed by threads: 1
Address 0x2af93c9f8d10 is accessed by threads: 1
Address 0x2af93b2a6118 is accessed by threads: 2, 1, 3
Address 0x2af93b66e818 is accessed by threads: 2, 1, 3
Address 0x2af93b671d50 is accessed by threads: 2, 1, 3
Address 0x2af93c9f8690 is accessed by threads: 1
Address 0x2af93b66e820 is accessed by threads: 2, 1, 3
Address 0x2af93b671d58 is accessed by threads: 2, 1, 3
Address 0x2af93c9f86a0 is accessed by threads: 1
Address 0x2af93b672060 is accessed by threads: 2, 1, 3
Address 0x2af93b66e828 is accessed by threads: 2, 1, 3
Address 0x2af93c9f7ee0 is accessed by threads: 1
Address 0x2af93c9f7ec0 is accessed by threads: 1
Address 0x2af93b671d60 is accessed by threads: 2, 1, 3
Address 0x2af93c9f7ea8 is accessed by threads: 1
Address 0x2af93c9f86b0 is accessed by threads: 1
Address 0x2af93b671fe8 is accessed by threads: 2, 1, 3
Address 0x2af93c9f8dc8 is accessed by threads: 1
Address 0x2af93b66e830 is accessed by threads: 2, 1, 3
Address 0x2af93aa99834 is accessed by threads: 2
Address 0x2af93b671f78 is accessed by threads: 2, 1, 3
Address 0x2af93c9f86d0 is accessed by threads: 1
Address 0x2af93b2a6260 is accessed by threads: 2, 1, 3
Address 0x2af93c9f8d11 is accessed by threads: 1
Address 0x2af93c9f8d90 is accessed by threads: 1
Address 0x2af93b2a61c0 is accessed by threads: 2, 1, 3
Address 0x1949c40 is accessed by threads: 2
Address 0x2af93aa99836 is accessed by threads: 2
Address 0x2af93d038ec8 is accessed by threads: 2
Address 0x1949f68 is accessed by threads: 2
Address 0x2af93d039d30 is accessed by threads: 2
Address 0x2af93d039d10 is accessed by threads: 2
Address 0x2af93d039690 is accessed by threads: 2
Address 0x2af93d0396a0 is accessed by threads: 2
Address 0x2af93d038ee0 is accessed by threads: 2
Address 0x2af93d038ec0 is accessed by threads: 2
Address 0x2af93d038eb0 is accessed by threads: 2
Address 0x2af93d038ea8 is accessed by threads: 2
Address 0x2af93d0396b0 is accessed by threads: 2
Address 0x2af93d039dc8 is accessed by threads: 2
Address 0x2af93d0396d0 is accessed by threads: 2
Address 0x2af93d039d11 is accessed by threads: 2
Address 0x2af93d039d90 is accessed by threads: 2
Address 0x7fffbf1ecc50 is accessed by threads: 0
Address 0x2af93d039d28 is accessed by threads: 2, 0
Address 0x2af93c9f8db0 is accessed by threads: 0
Address 0x2af93b2aa320 is accessed by threads: 0
Address 0x2af93b2aa310 is accessed by threads: 0
Address 0x2af93c9f89c8 is accessed by threads: 0
Address 0x2af93c9f89c0 is accessed by threads: 0
Address 0x2af93b2a6278 is accessed by threads: 0
Address 0x2af93d0399c0 is accessed by threads: 0
Address 0x2af93c9f8d12 is accessed by threads: 0
Address 0x2af93b2a6280 is accessed by threads: 0
Address 0x2af93b2a6288 is accessed by threads: 0
Address 0x2af93b2aa330 is accessed by threads: 0
Address 0x2af93c9f8d98 is accessed by threads: 0
Address 0x2af93d65f9d0 is accessed by threads: 3, 0
Address 0x2af93aa99833 is accessed by threads: 3
Address 0x1949c34 is accessed by threads: 3
Address 0x2af93d65eec8 is accessed by threads: 3
Address 0x1949cb8 is accessed by threads: 3
Address 0x2af93d65fd30 is accessed by threads: 3
Address 0x2af93d65fd10 is accessed by threads: 3
Address 0x2af93d65f690 is accessed by threads: 3
Address 0x2af93d65f6a0 is accessed by threads: 3
Address 0x2af93d65eee0 is accessed by threads: 3
Address 0x2af93d65eec0 is accessed by threads: 3
Address 0x2af93d65eeb0 is accessed by threads: 3
Address 0x2af93d65eea8 is accessed by threads: 3
Address 0x2af93d65f6b0 is accessed by threads: 3
Address 0x2af93d65fdc8 is accessed by threads: 3
Address 0x2af93d65f6d0 is accessed by threads: 3
Address 0x2af93d65fd11 is accessed by threads: 3
Address 0x2af93d65fd90 is accessed by threads: 3
Address 0x2af93d65fd28 is accessed by threads: 3, 0
Address 0x2af93d039db0 is accessed by threads: 0
Address 0x2af93d0399c8 is accessed by threads: 0
Address 0x2af93d65f9c0 is accessed by threads: 0
Address 0x2af93d039d12 is accessed by threads: 0
Address 0x2af93d039d98 is accessed by threads: 0
Address 0x194a1f0 is accessed by threads: 0
Address 0x2af93d65fdb0 is accessed by threads: 0
Address 0x2af93d65f9c8 is accessed by threads: 0
Address 0x2af93b2a6270 is accessed by threads: 0
Address 0x2af93d65fd12 is accessed by threads: 0
Address 0x2af93d65fd98 is accessed by threads: 0
Address 0x7fffbf1ecce8 is accessed by threads: 0
Address 0x7fffbf1ecce0 is accessed by threads: 0
Address 0x7fffbf1ecc30 is accessed by threads: 0
Address 0x7fffbf1ecc28 is accessed by threads: 0
Address 0x7fffbf1ecc38 is accessed by threads: 0
Address 0x7fffbf1ecc08 is accessed by threads: 0
Address 0x7fffbf1ecbf8 is accessed by threads: 0
Address 0x7fffbf1ecbf0 is accessed by threads: 0
Address 0x7fffbf1ecbc0 is accessed by threads: 0
Address 0x7fffbf1ecc48 is accessed by threads: 0
Address 0x7fffbf1ecc40 is accessed by threads: 0
Address 0x7fffbf1eccf0 is accessed by threads: 0
Address 0x7fffbf1ecc20 is accessed by threads: 0
Address 0x194a1d8 is accessed by threads: 0
Address 0x2af93b672770 is accessed by threads: 0
Address 0x7fffbf1ecc80 is accessed by threads: 0
Address 0x7fffbf1ecc78 is accessed by threads: 0
Address 0x7fffbf1ecc68 is accessed by threads: 0
Address 0x7fffbf1ecc60 is accessed by threads: 0
Address 0x7fffbf1ecd28 is accessed by threads: 0
Address 0x7fffbf1ecd30 is accessed by threads: 0
Address 0x7fffbf1ecd38 is accessed by threads: 0
Address 0x7fffbf1ecd20 is accessed by threads: 0
Address 0x7fffbf1ecd18 is accessed by threads: 0
Address 0x7fffbf1ecd10 is accessed by threads: 0
Address 0x2af93b6726c8 is accessed by threads: 0
Address 0x2af93b673e88 is accessed by threads: 0
Address 0x2af93b673f70 is accessed by threads: 0
Address 0x2af93b673f78 is accessed by threads: 0
Address 0x2af93b673f80 is accessed by threads: 0
Address 0x2af93b92e770 is accessed by threads: 0
Address 0x7fffbf1eccf8 is accessed by threads: 0
Address 0x606248 is accessed by threads: 0
Address 0x606240 is accessed by threads: 0
Address 0x7fffbf1ecc70 is accessed by threads: 0
Address 0x606250 is accessed by threads: 0
Address 0x1949c18 is accessed by threads: 0
Address 0x2af93b673f50 is accessed by threads: 0
Address 0x2af93b673f58 is accessed by threads: 0
Address 0x2af93b673f60 is accessed by threads: 0
Address 0x6060f8 is accessed by threads: 0
Address 0x400a88 is accessed by threads: 0
Address 0x7fffbf1ec290 is accessed by threads: 0
Address 0x7fffbf1ec298 is accessed by threads: 0
Address 0x7fffbf1ec288 is accessed by threads: 0
Address 0x7fffbf1ec2a8 is accessed by threads: 0
Address 0x2af93a732fc4 is accessed by threads: 0
Address 0x2af93a732fc8 is accessed by threads: 0
Address 0x2af93aa95b20 is accessed by threads: 0
Address 0x2af93aa9a904 is accessed by threads: 0
Address 0x2af93aa95b90 is accessed by threads: 0
Address 0x2af93aa95428 is accessed by threads: 0
Address 0x2af93aa98d20 is accessed by threads: 0
Address 0x2af93aa98e10 is accessed by threads: 0
Address 0x2af93aa98660 is accessed by threads: 0
Address 0x2af93aa986a0 is accessed by threads: 0
Address 0x2af93b6731c0 is accessed by threads: 0
Address 0x2af93b673248 is accessed by threads: 0
Address 0x2af93b6749f8 is accessed by threads: 0
Address 0x2af93b6749f0 is accessed by threads: 0
Address 0x2af93b6749f4 is accessed by threads: 0
Address 0x2af93b673298 is accessed by threads: 0
Address 0x2af93b6731e8 is accessed by threads: 0
Address 0x2af93b6731e0 is accessed by threads: 0
Address 0x2af93b6731c8 is accessed by threads: 0
Address 0x2af93b6731d0 is accessed by threads: 0
Address 0x2af93b673250 is accessed by threads: 0
Address 0x2af93aa95490 is accessed by threads: 0
Address 0x2af93aa98c00 is accessed by threads: 0
Address 0x2af93aa98cf0 is accessed by threads: 0
Address 0x2af93aa95188 is accessed by threads: 0
Address 0x2af93aa974c8 is accessed by threads: 0
Address 0x2af93a73c068 is accessed by threads: 0
Address 0x2af93a73c06c is accessed by threads: 0
Address 0x2af93a73c070 is accessed by threads: 0
Address 0x2af93aa989c0 is accessed by threads: 0
Address 0x2af93aa939a8 is accessed by threads: 0
Address 0x2af93aa98ab0 is accessed by threads: 0
Address 0x2af93aa98300 is accessed by threads: 0
Address 0x2af93aa92108 is accessed by threads: 0
Address 0x2af93aa98340 is accessed by threads: 0
Address 0x2af93aa95078 is accessed by threads: 0
Address 0x2af93aa988a0 is accessed by threads: 0
Address 0x2af93aa98990 is accessed by threads: 0
Address 0x2af93aa98240 is accessed by threads: 0
Address 0x2af93aa98280 is accessed by threads: 0
Address 0x2af93aa95788 is accessed by threads: 0
Address 0x2af93aa98780 is accessed by threads: 0
Address 0x2af93aa98870 is accessed by threads: 0
Address 0x2af93b673f30 is accessed by threads: 0
Address 0x2af93b673f38 is accessed by threads: 0
Address 0x2af93b673f40 is accessed by threads: 0
Address 0x2af926b2f900 is accessed by threads: 0
Address 0x2af926b2ff00 is accessed by threads: 0
Address 0x2af926b2f918 is accessed by threads: 0
Address 0x2af926b2f008 is accessed by threads: 0
Address 0x2af926b2f000 is accessed by threads: 0
Address 0x2af926b30465 is accessed by threads: 0
Address 0x7fffbf1eccbc is accessed by threads: 0
Address 0x2af926b30178 is accessed by threads: 0
Address 0x2af926b30460 is accessed by threads: 0
Address 0x2af926b3052c is accessed by threads: 0
Address 0x2af926b30168 is accessed by threads: 0
Address 0x2af926b30708 is accessed by threads: 0
Address 0x2af926b309f0 is accessed by threads: 0
Address 0x2af926b30abc is accessed by threads: 0
Address 0x2af926b306f8 is accessed by threads: 0
Address 0x2af93a2ffaa8 is accessed by threads: 0
Address 0x2af93a2ffd90 is accessed by threads: 0
Address 0x2af93a2ffe5c is accessed by threads: 0
Address 0x2af93a2ffa98 is accessed by threads: 0
Address 0x2af93a6db028 is accessed by threads: 0
Address 0x2af93a6db310 is accessed by threads: 0
Address 0x2af93a6db3dc is accessed by threads: 0
Address 0x2af93a6db018 is accessed by threads: 0
Address 0x2af93a6db508 is accessed by threads: 0
Address 0x2af93a6db7f0 is accessed by threads: 0
Address 0x2af93a6db8bc is accessed by threads: 0
Address 0x2af93a6db4f8 is accessed by threads: 0
Address 0x2af93a6db9e0 is accessed by threads: 0
Address 0x2af93a6dbcc8 is accessed by threads: 0
Address 0x2af93a6dbd94 is accessed by threads: 0
Address 0x2af93a6db9d0 is accessed by threads: 0
Address 0x2af93ab48028 is accessed by threads: 0
Address 0x2af93ab48310 is accessed by threads: 0
Address 0x2af93ab483dc is accessed by threads: 0
Address 0x2af93ab48018 is accessed by threads: 0
Address 0x2af93ab484f0 is accessed by threads: 0
Address 0x2af93ab487d8 is accessed by threads: 0
Address 0x2af93ab488a4 is accessed by threads: 0
Address 0x2af93ab484e0 is accessed by threads: 0
Address 0x2af93ab489b8 is accessed by threads: 0
Address 0x2af93ab48ca0 is accessed by threads: 0
Address 0x2af93ab48d6c is accessed by threads: 0
Address 0x2af93ab489a8 is accessed by threads: 0
Address 0x2af926b2f9c0 is accessed by threads: 0
Address 0x2af926b2fca8 is accessed by threads: 0
Address 0x2af926b2fd74 is accessed by threads: 0
Address 0x2af926b2f9b0 is accessed by threads: 0
Address 0x7fffbf1ecc00 is accessed by threads: 0
Address 0x7fffbf1ecbbc is accessed by threads: 0
Address 0x7fffbf1ecb82 is accessed by threads: 0
Address 0x2af926b2fd50 is accessed by threads: 0
Address 0x2af926b2fd58 is accessed by threads: 0
Address 0x2af93ab48d48 is accessed by threads: 0
Address 0x2af93ab48fa0 is accessed by threads: 0
Address 0x2af93ab48fa8 is accessed by threads: 0
Address 0x2af93ab48fb0 is accessed by threads: 0
Address 0x2af93ab48fb8 is accessed by threads: 0
Address 0x2af93ab48d50 is accessed by threads: 0
Address 0x2af93ab48880 is accessed by threads: 0
Address 0x2af93ab48f78 is accessed by threads: 0
Address 0x2af93ab48f80 is accessed by threads: 0
Address 0x2af93ab48f88 is accessed by threads: 0
Address 0x2af93ab48888 is accessed by threads: 0
Address 0x2af93ab483b8 is accessed by threads: 0
Address 0x2af93ab48f40 is accessed by threads: 0
Address 0x2af93ab48f48 is accessed by threads: 0
Address 0x2af93ab48f50 is accessed by threads: 0
Address 0x2af93ab48f58 is accessed by threads: 0
Address 0x2af93ab483c0 is accessed by threads: 0
Address 0x2af93a6dbd70 is accessed by threads: 0
Address 0x2af93ab48f18 is accessed by threads: 0
Address 0x2af93ab48f20 is accessed by threads: 0
Address 0x2af93ab48f28 is accessed by threads: 0
Address 0x2af93a6dbd78 is accessed by threads: 0
Address 0x2af93a6db898 is accessed by threads: 0
Address 0x2af93ab48ee0 is accessed by threads: 0
Address 0x2af93ab48ee8 is accessed by threads: 0
Address 0x2af93ab48ef0 is accessed by threads: 0
Address 0x2af93ab48ef8 is accessed by threads: 0
Address 0x2af93a6db8a0 is accessed by threads: 0
Address 0x2af93a6db3b8 is accessed by threads: 0
Address 0x2af93ab48e88 is accessed by threads: 0
Address 0x2af93ab48e90 is accessed by threads: 0
Address 0x2af93ab48e98 is accessed by threads: 0
Address 0x2af93ab48ea0 is accessed by threads: 0
Address 0x2af93ab48ea8 is accessed by threads: 0
Address 0x2af93ab48eb0 is accessed by threads: 0
Address 0x2af93a6db3c0 is accessed by threads: 0
Address 0x2af93a2ffe38 is accessed by threads: 0
Address 0x2af93ab48e40 is accessed by threads: 0
Address 0x2af93ab48e48 is accessed by threads: 0
Address 0x2af93ab48e50 is accessed by threads: 0
Address 0x2af93ab48e58 is accessed by threads: 0
Address 0x2af93ab48e60 is accessed by threads: 0
Address 0x2af93a2ffe40 is accessed by threads: 0
Address 0x7fffbf1ecb84 is accessed by threads: 0
Address 0x7fffbf1ecb86 is accessed by threads: 0
Address 0x7fffbf1ecb8a is accessed by threads: 0
Address 0x7fffbf1ecb8c is accessed by threads: 0
Address 0x7fffbf1ecb8e is accessed by threads: 0
Address 0x7fffbf1ecb70 is accessed by threads: 0
Address 0x7fffbf1ecc71 is accessed by threads: 0
Address 0x7fffbf1ecc69 is accessed by threads: 0
Address 0x7fffbf1ecc72 is accessed by threads: 0
Address 0x7fffbf1ecc6a is accessed by threads: 0
Address 0x7fffbf1ecc73 is accessed by threads: 0
Address 0x7fffbf1ecc6b is accessed by threads: 0
Address 0x7fffbf1ecc74 is accessed by threads: 0
Address 0x7fffbf1ecc6c is accessed by threads: 0
Address 0x7fffbf1ecc75 is accessed by threads: 0
Address 0x7fffbf1ecc6d is accessed by threads: 0
Address 0x7fffbf1ecc76 is accessed by threads: 0
Address 0x7fffbf1ecc6e is accessed by threads: 0
Address 0x7fffbf1ecc77 is accessed by threads: 0
Address 0x7fffbf1ecc6f is accessed by threads: 0
Address 0x7fffbf1ecb90 is accessed by threads: 0
Address 0x7fffbf1ecb91 is accessed by threads: 0
Address 0x7fffbf1ecb8f is accessed by threads: 0
Address 0x7fffbf1ecb92 is accessed by threads: 0
Address 0x2af926b2ff08 is accessed by threads: 0
Address 0x2af926b30464 is accessed by threads: 0
Address 0x2af926b30260 is accessed by threads: 0
Address 0x2af926b2ec00 is accessed by threads: 0
Address 0x605e68 is accessed by threads: 0
Address 0x2af926b30270 is accessed by threads: 0
Address 0x2af926b30150 is accessed by threads: 0
Address 0x605e78 is accessed by threads: 0
Address 0x605d38 is accessed by threads: 0
Address 0x606230 is accessed by threads: 0
Address 0x2af926b301f8 is accessed by threads: 0
Address 0x605e38 is accessed by threads: 0
Address 0x2af926b2ed78 is accessed by threads: 0
Address 0x2af926b309f4 is accessed by threads: 0
Address 0x2af93a2ffd94 is accessed by threads: 0
Address 0x2af93a2ffb90 is accessed by threads: 0
Address 0x2af93a652d98 is accessed by threads: 0
Address 0x2af93a2ffba0 is accessed by threads: 0
Address 0x2af93a2ffa80 is accessed by threads: 0
Address 0x2af93a652da8 is accessed by threads: 0
Address 0x2af93a652ad0 is accessed by threads: 0
Address 0x2af93a65396c is accessed by threads: 0
Address 0x2af93a653968 is accessed by threads: 0
Address 0xffffffffff5ff080 is accessed by threads: 0
Address 0xffffffffff5ff088 is accessed by threads: 0
Address 0xffffffffff5ff0b0 is accessed by threads: 0
Address 0x2af93a6532c0 is accessed by threads: 0
Address 0x2af93a413b20 is accessed by threads: 0
Address 0x2af93a2ffe00 is accessed by threads: 0
Address 0x7fffbf1ec150 is accessed by threads: 0
Address 0x7fffbf1ec158 is accessed by threads: 0
Address 0x7fffbf1ec148 is accessed by threads: 0
Address 0x7fffbf1ec168 is accessed by threads: 0
Address 0x2af93a413b24 is accessed by threads: 0
Address 0x2af93a413b28 is accessed by threads: 0
Address 0x2af93a653920 is accessed by threads: 0
Address 0x7fffbf1ee9c0 is accessed by threads: 0
Address 0x2af93a42cef0 is accessed by threads: 0
Address 0x2af93a653960 is accessed by threads: 0
Address 0x2af93a6539b8 is accessed by threads: 0
Address 0x2af93a653970 is accessed by threads: 0
Address 0x2af93a6533b0 is accessed by threads: 0
Address 0x2af93a412d70 is accessed by threads: 0
Address 0x7fffbf1ecb54 is accessed by threads: 0
Address 0x2af93b677fb0 is accessed by threads: 0
Address 0x2af93b677f70 is accessed by threads: 0
Address 0x2af93b92ea38 is accessed by threads: 0
Address 0x2af93b6749e8 is accessed by threads: 0
Address 0x2af93b6749e0 is accessed by threads: 0
Address 0x2af93b6749e4 is accessed by threads: 0
Address 0x2af93b6731a0 is accessed by threads: 0
Address 0x2af93b6749d0 is accessed by threads: 0
Address 0x2af93b6749c0 is accessed by threads: 0
Address 0x2af93b673280 is accessed by threads: 0
Address 0x2af93b673228 is accessed by threads: 0
Address 0x2af93b673468 is accessed by threads: 0
Address 0x2af93b673640 is accessed by threads: 0
Address 0x2af93b6736c8 is accessed by threads: 0
Address 0x2af93b674a18 is accessed by threads: 0
Address 0x2af93b674a10 is accessed by threads: 0
Address 0x2af93b674a14 is accessed by threads: 0
Address 0x2af93b673700 is accessed by threads: 0
Address 0x2af93b673660 is accessed by threads: 0
Address 0x2af93b673668 is accessed by threads: 0
Address 0x2af93b6736a8 is accessed by threads: 0
Address 0x2af93b677f78 is accessed by threads: 0
Address 0x2af93a652ac8 is accessed by threads: 0
Address 0x2af93a653940 is accessed by threads: 0
Address 0x2af93a652fd8 is accessed by threads: 0
Address 0x2af93a6535d0 is accessed by threads: 0
Address 0x2af93a413040 is accessed by threads: 0
Address 0x7fffbf1ec1d0 is accessed by threads: 0
Address 0x7fffbf1ec1d8 is accessed by threads: 0
Address 0x7fffbf1ec1c8 is accessed by threads: 0
Address 0x7fffbf1ec1e8 is accessed by threads: 0
Address 0x2af93b2b9cc4 is accessed by threads: 0
Address 0x2af93b2b9cc8 is accessed by threads: 0
Address 0x2af93b673f28 is accessed by threads: 0
Address 0x2af93b673f08 is accessed by threads: 0
Address 0x2af93b673ee8 is accessed by threads: 0
Address 0x2af93b673ec8 is accessed by threads: 0
Address 0x2af93b673ea8 is accessed by threads: 0
Address 0x2af93b673e80 is accessed by threads: 0
Address 0x2af93b6726d0 is accessed by threads: 0
Address 0x2af93b6742a8 is accessed by threads: 0
Address 0x2af93b6742a0 is accessed by threads: 0
Address 0x2af93b677d98 is accessed by threads: 0
Address 0x2af93b675e68 is accessed by threads: 0
Address 0x2af93b675e48 is accessed by threads: 0
Address 0x2af93a2ffb28 is accessed by threads: 0
Address 0x2af93a652d68 is accessed by threads: 0
Address 0x2af93a6db314 is accessed by threads: 0
Address 0x2af93a6db110 is accessed by threads: 0
Address 0x2af93aa94dc0 is accessed by threads: 0
Address 0x2af93a6db120 is accessed by threads: 0
Address 0x2af93aa94dd0 is accessed by threads: 0
Address 0x2af93aa8c378 is accessed by threads: 0
Address 0x2af93aa97b60 is accessed by threads: 0
Address 0x2af93aa955d0 is accessed by threads: 0
Address 0x2af93aa979e0 is accessed by threads: 0
Address 0x2af93b673f18 is accessed by threads: 0
Address 0x2af93b673f20 is accessed by threads: 0
Address 0x2af93b92e758 is accessed by threads: 0
Address 0x2af93b673f10 is accessed by threads: 0
Address 0x2af93b677ce0 is accessed by threads: 0
Address 0x2af93aa97b40 is accessed by threads: 0
Address 0x2af93aa96550 is accessed by threads: 0
Address 0x2af93a727e18 is accessed by threads: 0
Address 0x7fffbf1ec190 is accessed by threads: 0
Address 0x7fffbf1ec198 is accessed by threads: 0
Address 0x7fffbf1ec188 is accessed by threads: 0
Address 0x7fffbf1ec1a8 is accessed by threads: 0
Address 0x2af93a727e1c is accessed by threads: 0
Address 0x2af93a727e20 is accessed by threads: 0
Address 0x2af93b673ef8 is accessed by threads: 0
Address 0x2af93b673f00 is accessed by threads: 0
Address 0x2af93b673ef0 is accessed by threads: 0
Address 0x2af93aa97b48 is accessed by threads: 0
Address 0x2af93b673ed8 is accessed by threads: 0
Address 0x2af93b673ee0 is accessed by threads: 0
Address 0x2af93b673ed0 is accessed by threads: 0
Address 0x2af93aa97b30 is accessed by threads: 0
Address 0x2af93b673eb8 is accessed by threads: 0
Address 0x2af93b673ec0 is accessed by threads: 0
Address 0x2af93b673eb0 is accessed by threads: 0
Address 0x2af93aa97b68 is accessed by threads: 0
Address 0x2af93aa96c98 is accessed by threads: 0
Address 0x2af93a730da0 is accessed by threads: 0
Address 0x2af93a730da4 is accessed by threads: 0
Address 0x2af93a730da8 is accessed by threads: 0
Address 0x2af93b673e98 is accessed by threads: 0
Address 0x2af93b673ea0 is accessed by threads: 0
Address 0x2af93b673e90 is accessed by threads: 0
Address 0x2af93aa97b70 is accessed by threads: 0
Address 0x2af93a6db0a8 is accessed by threads: 0
Address 0x2af93aa94d90 is accessed by threads: 0
Address 0x2af93a6db7f4 is accessed by threads: 0
Address 0x2af93a6db5f0 is accessed by threads: 0
Address 0x2af93ae76df8 is accessed by threads: 0
Address 0x2af93a6db600 is accessed by threads: 0
Address 0x2af93a6db4e0 is accessed by threads: 0
Address 0x2af93ae76e08 is accessed by threads: 0
Address 0x2af93ae76d68 is accessed by threads: 0
Address 0x2af93ae770f0 is accessed by threads: 0
Address 0x2af93ae76ff0 is accessed by threads: 0
Address 0x2af93ae770c8 is accessed by threads: 0
Address 0x2af93a6db588 is accessed by threads: 0
Address 0x2af93ae76dc8 is accessed by threads: 0
Address 0x2af93a6dbccc is accessed by threads: 0
Address 0x2af93a6dbac8 is accessed by threads: 0
Address 0x2af93b08de48 is accessed by threads: 0
Address 0x2af93a6dbad8 is accessed by threads: 0
Address 0x2af93a6db9b8 is accessed by threads: 0
Address 0x2af93b08de58 is accessed by threads: 0
Address 0x2af93b08ddd8 is accessed by threads: 0
Address 0x2af93b08e180 is accessed by threads: 0
Address 0x2af93b08dff8 is accessed by threads: 0
Address 0x2af93b08e168 is accessed by threads: 0
Address 0x2af93a6dba60 is accessed by threads: 0
Address 0x2af93b08de18 is accessed by threads: 0
Address 0x2af93ab48314 is accessed by threads: 0
Address 0x2af93ab48110 is accessed by threads: 0
Address 0x2af93b2a5dc8 is accessed by threads: 0
Address 0x2af93ab48120 is accessed by threads: 0
Address 0x2af93b2a5dd8 is accessed by threads: 0
Address 0x2af93b2a5b70 is accessed by threads: 0
Address 0x2af93b2a62e0 is accessed by threads: 0
Address 0x2af93b2a5fe8 is accessed by threads: 0
Address 0x2af93b2a6250 is accessed by threads: 0
Address 0x2af93ab480a8 is accessed by threads: 0
Address 0x2af93b2a5d98 is accessed by threads: 0
Address 0x2af93ab48ca4 is accessed by threads: 0
Address 0x2af93ab48aa0 is accessed by threads: 0
Address 0x2af93b8c7de0 is accessed by threads: 0
Address 0x2af93ab48ab0 is accessed by threads: 0
Address 0x2af93ab48990 is accessed by threads: 0
Address 0x2af93b8c7df0 is accessed by threads: 0
Address 0x2af93b8c7d50 is accessed by threads: 0
Address 0x2af93b8c8118 is accessed by threads: 0
Address 0x2af93b8c7d48 is accessed by threads: 0
Address 0x2af93b8c80a0 is accessed by threads: 0
Address 0x2af93b8c7ff8 is accessed by threads: 0
Address 0x2af93b8c8090 is accessed by threads: 0
Address 0x2af93ab48a38 is accessed by threads: 0
Address 0x2af93b8c7db0 is accessed by threads: 0
Address 0x2af93ab487dc is accessed by threads: 0
Address 0x2af93ab485d8 is accessed by threads: 0
Address 0x2af93ab48570 is accessed by threads: 0
Address 0x2af926b2fcac is accessed by threads: 0
Address 0x2af926b2faa8 is accessed by threads: 0
Address 0x2af926b2fa40 is accessed by threads: 0
Address 0x2af93b66e810 is accessed by threads: 0
Address 0x7fffbf1ecc44 is accessed by threads: 0
Address 0x2af93b6749b0 is accessed by threads: 0
Address 0x2af93b6749a0 is accessed by threads: 0
Address 0x2af93b6734b0 is accessed by threads: 0
Address 0x2af93b6734a8 is accessed by threads: 0
Address 0x2af93b6734b8 is accessed by threads: 0
Address 0x2af93b66f3d8 is accessed by threads: 0
Address 0x2af93b671e50 is accessed by threads: 0
Number of shared lines: 203
Number of single lines: 1296
